<?xml version="1.0" encoding="utf-8"?>
<!DOCTYPE coverage SYSTEM "http://cobertura.sourceforge.net/xml/coverage-04.dtd">
<coverage line-rate="0.179639448568399" branch-rate="0.128327645051195" lines-covered="847" lines-valid="4715" branches-covered="188" branches-valid="1465" complexity="1288" version="0" timestamp="1708119669">
  <sources />
  <packages>
    <package name="NUnit3.TestAdapter" line-rate="0.286319845857418" branch-rate="0.132295719844358" complexity="1089">
      <classes>
        <class name="NUnit.VisualStudio.TestAdapter.AdapterSettings" filename="D:\repos\NUnit\nunit3-vs-adapter\src\NUnitTestAdapter\AdapterSettings.cs" line-rate="1" branch-rate="1" complexity="6">
          <methods>
            <method name="MaxCpuCount" signature="()" line-rate="1" branch-rate="1" complexity="NaN">
              <lines />
            </method>
            <method name="MaxCpuCount" signature="(System.Int32)" line-rate="1" branch-rate="1" complexity="NaN">
              <lines />
            </method>
            <method name="ResultsDirectory" signature="()" line-rate="1" branch-rate="1" complexity="NaN">
              <lines />
            </method>
            <method name="ResultsDirectory" signature="(System.String)" line-rate="1" branch-rate="1" complexity="NaN">
              <lines />
            </method>
            <method name="TargetPlatform" signature="()" line-rate="1" branch-rate="1" complexity="NaN">
              <lines />
            </method>
            <method name="TargetPlatform" signature="(System.String)" line-rate="1" branch-rate="1" complexity="NaN">
              <lines />
            </method>
            <method name="TargetFrameworkVersion" signature="()" line-rate="1" branch-rate="1" complexity="NaN">
              <lines />
            </method>
            <method name="TargetFrameworkVersion" signature="(System.String)" line-rate="1" branch-rate="1" complexity="NaN">
              <lines />
            </method>
            <method name="TestAdapterPaths" signature="()" line-rate="1" branch-rate="1" complexity="NaN">
              <lines />
            </method>
            <method name="TestAdapterPaths" signature="(System.String)" line-rate="1" branch-rate="1" complexity="NaN">
              <lines />
            </method>
            <method name="CollectSourceInformation" signature="()" line-rate="1" branch-rate="1" complexity="NaN">
              <lines />
            </method>
            <method name="CollectSourceInformation" signature="(System.Boolean)" line-rate="1" branch-rate="1" complexity="NaN">
              <lines />
            </method>
            <method name="DisableAppDomain" signature="()" line-rate="1" branch-rate="1" complexity="NaN">
              <lines />
            </method>
            <method name="DisableAppDomain" signature="(System.Boolean)" line-rate="1" branch-rate="1" complexity="NaN">
              <lines />
            </method>
            <method name="DisableParallelization" signature="()" line-rate="1" branch-rate="1" complexity="NaN">
              <lines />
            </method>
            <method name="DisableParallelization" signature="(System.Boolean)" line-rate="1" branch-rate="1" complexity="NaN">
              <lines />
            </method>
            <method name="AllowParallelWithDebugger" signature="()" line-rate="1" branch-rate="1" complexity="NaN">
              <lines />
            </method>
            <method name="AllowParallelWithDebugger" signature="(System.Boolean)" line-rate="1" branch-rate="1" complexity="NaN">
              <lines />
            </method>
            <method name="DesignMode" signature="()" line-rate="1" branch-rate="1" complexity="NaN">
              <lines />
            </method>
            <method name="DesignMode" signature="(System.Boolean)" line-rate="1" branch-rate="1" complexity="NaN">
              <lines />
            </method>
            <method name="TestProperties" signature="()" line-rate="1" branch-rate="1" complexity="NaN">
              <lines />
            </method>
            <method name="TestProperties" signature="(System.Collections.Generic.IDictionary`2&lt;System.String,System.String&gt;)" line-rate="1" branch-rate="1" complexity="NaN">
              <lines />
            </method>
            <method name="InternalTraceLevel" signature="()" line-rate="1" branch-rate="1" complexity="NaN">
              <lines />
            </method>
            <method name="InternalTraceLevel" signature="(System.String)" line-rate="1" branch-rate="1" complexity="NaN">
              <lines />
            </method>
            <method name="InternalTraceLevelEnum" signature="()" line-rate="1" branch-rate="1" complexity="NaN">
              <lines />
            </method>
            <method name="InternalTraceLevelEnum" signature="(NUnit.Engine.InternalTraceLevel)" line-rate="1" branch-rate="1" complexity="NaN">
              <lines />
            </method>
            <method name="WorkDirectory" signature="()" line-rate="1" branch-rate="1" complexity="NaN">
              <lines />
            </method>
            <method name="WorkDirectory" signature="(System.String)" line-rate="1" branch-rate="1" complexity="NaN">
              <lines />
            </method>
            <method name="Where" signature="()" line-rate="1" branch-rate="1" complexity="NaN">
              <lines />
            </method>
            <method name="Where" signature="(System.String)" line-rate="1" branch-rate="1" complexity="NaN">
              <lines />
            </method>
            <method name="TestOutputXml" signature="()" line-rate="1" branch-rate="1" complexity="NaN">
              <lines />
            </method>
            <method name="TestOutputXml" signature="(System.String)" line-rate="1" branch-rate="1" complexity="NaN">
              <lines />
            </method>
            <method name="UseTestOutputXml" signature="()" line-rate="1" branch-rate="1" complexity="NaN">
              <lines />
            </method>
            <method name="OutputXmlFolderMode" signature="()" line-rate="1" branch-rate="1" complexity="NaN">
              <lines />
            </method>
            <method name="OutputXmlFolderMode" signature="(NUnit.VisualStudio.TestAdapter.OutputXmlFolderMode)" line-rate="1" branch-rate="1" complexity="NaN">
              <lines />
            </method>
            <method name="TestOutputFolder" signature="()" line-rate="1" branch-rate="1" complexity="NaN">
              <lines />
            </method>
            <method name="TestOutputFolder" signature="(System.String)" line-rate="1" branch-rate="1" complexity="NaN">
              <lines />
            </method>
            <method name="NewOutputXmlFileForEachRun" signature="()" line-rate="1" branch-rate="1" complexity="NaN">
              <lines />
            </method>
            <method name="NewOutputXmlFileForEachRun" signature="(System.Boolean)" line-rate="1" branch-rate="1" complexity="NaN">
              <lines />
            </method>
            <method name="DefaultTimeout" signature="()" line-rate="1" branch-rate="1" complexity="NaN">
              <lines />
            </method>
            <method name="DefaultTimeout" signature="(System.Int32)" line-rate="1" branch-rate="1" complexity="NaN">
              <lines />
            </method>
            <method name="NumberOfTestWorkers" signature="()" line-rate="1" branch-rate="1" complexity="NaN">
              <lines />
            </method>
            <method name="NumberOfTestWorkers" signature="(System.Int32)" line-rate="1" branch-rate="1" complexity="NaN">
              <lines />
            </method>
            <method name="ShadowCopyFiles" signature="()" line-rate="1" branch-rate="1" complexity="NaN">
              <lines />
            </method>
            <method name="ShadowCopyFiles" signature="(System.Boolean)" line-rate="1" branch-rate="1" complexity="NaN">
              <lines />
            </method>
            <method name="Verbosity" signature="()" line-rate="1" branch-rate="1" complexity="NaN">
              <lines />
            </method>
            <method name="Verbosity" signature="(System.Int32)" line-rate="1" branch-rate="1" complexity="NaN">
              <lines />
            </method>
            <method name="UseVsKeepEngineRunning" signature="()" line-rate="1" branch-rate="1" complexity="NaN">
              <lines />
            </method>
            <method name="UseVsKeepEngineRunning" signature="(System.Boolean)" line-rate="1" branch-rate="1" complexity="NaN">
              <lines />
            </method>
            <method name="BasePath" signature="()" line-rate="1" branch-rate="1" complexity="NaN">
              <lines />
            </method>
            <method name="BasePath" signature="(System.String)" line-rate="1" branch-rate="1" complexity="NaN">
              <lines />
            </method>
            <method name="PrivateBinPath" signature="()" line-rate="1" branch-rate="1" complexity="NaN">
              <lines />
            </method>
            <method name="PrivateBinPath" signature="(System.String)" line-rate="1" branch-rate="1" complexity="NaN">
              <lines />
            </method>
            <method name="RandomSeed" signature="()" line-rate="1" branch-rate="1" complexity="NaN">
              <lines />
            </method>
            <method name="RandomSeed" signature="(System.Nullable`1&lt;System.Int32&gt;)" line-rate="1" branch-rate="1" complexity="NaN">
              <lines />
            </method>
            <method name="RandomSeedSpecified" signature="()" line-rate="1" branch-rate="1" complexity="NaN">
              <lines />
            </method>
            <method name="RandomSeedSpecified" signature="(System.Boolean)" line-rate="1" branch-rate="1" complexity="NaN">
              <lines />
            </method>
            <method name="CollectDataForEachTestSeparately" signature="()" line-rate="1" branch-rate="1" complexity="NaN">
              <lines />
            </method>
            <method name="CollectDataForEachTestSeparately" signature="(System.Boolean)" line-rate="1" branch-rate="1" complexity="NaN">
              <lines />
            </method>
            <method name="InProcDataCollectorsAvailable" signature="()" line-rate="1" branch-rate="1" complexity="NaN">
              <lines />
            </method>
            <method name="InProcDataCollectorsAvailable" signature="(System.Boolean)" line-rate="1" branch-rate="1" complexity="NaN">
              <lines />
            </method>
            <method name="SynchronousEvents" signature="()" line-rate="1" branch-rate="1" complexity="NaN">
              <lines />
            </method>
            <method name="SynchronousEvents" signature="(System.Boolean)" line-rate="1" branch-rate="1" complexity="NaN">
              <lines />
            </method>
            <method name="DomainUsage" signature="()" line-rate="1" branch-rate="1" complexity="NaN">
              <lines />
            </method>
            <method name="DomainUsage" signature="(System.String)" line-rate="1" branch-rate="1" complexity="NaN">
              <lines />
            </method>
            <method name="ShowInternalProperties" signature="()" line-rate="1" branch-rate="1" complexity="NaN">
              <lines />
            </method>
            <method name="ShowInternalProperties" signature="(System.Boolean)" line-rate="1" branch-rate="1" complexity="NaN">
              <lines />
            </method>
            <method name="UseParentFQNForParametrizedTests" signature="()" line-rate="1" branch-rate="1" complexity="NaN">
              <lines />
            </method>
            <method name="UseParentFQNForParametrizedTests" signature="(System.Boolean)" line-rate="1" branch-rate="1" complexity="NaN">
              <lines />
            </method>
            <method name="UseNUnitIdforTestCaseId" signature="()" line-rate="1" branch-rate="1" complexity="NaN">
              <lines />
            </method>
            <method name="UseNUnitIdforTestCaseId" signature="(System.Boolean)" line-rate="1" branch-rate="1" complexity="NaN">
              <lines />
            </method>
            <method name="ConsoleOut" signature="()" line-rate="1" branch-rate="1" complexity="NaN">
              <lines />
            </method>
            <method name="ConsoleOut" signature="(System.Int32)" line-rate="1" branch-rate="1" complexity="NaN">
              <lines />
            </method>
            <method name="StopOnError" signature="()" line-rate="1" branch-rate="1" complexity="NaN">
              <lines />
            </method>
            <method name="StopOnError" signature="(System.Boolean)" line-rate="1" branch-rate="1" complexity="NaN">
              <lines />
            </method>
            <method name="DiscoveryMethod" signature="()" line-rate="1" branch-rate="1" complexity="NaN">
              <lines />
            </method>
            <method name="DiscoveryMethod" signature="(NUnit.VisualStudio.TestAdapter.DiscoveryMethod)" line-rate="1" branch-rate="1" complexity="NaN">
              <lines />
            </method>
            <method name="SkipNonTestAssemblies" signature="()" line-rate="1" branch-rate="1" complexity="NaN">
              <lines />
            </method>
            <method name="SkipNonTestAssemblies" signature="(System.Boolean)" line-rate="1" branch-rate="1" complexity="NaN">
              <lines />
            </method>
            <method name="AssemblySelectLimit" signature="()" line-rate="1" branch-rate="1" complexity="NaN">
              <lines />
            </method>
            <method name="AssemblySelectLimit" signature="(System.Int32)" line-rate="1" branch-rate="1" complexity="NaN">
              <lines />
            </method>
            <method name="UseNUnitFilter" signature="()" line-rate="1" branch-rate="1" complexity="NaN">
              <lines />
            </method>
            <method name="UseNUnitFilter" signature="(System.Boolean)" line-rate="1" branch-rate="1" complexity="NaN">
              <lines />
            </method>
            <method name="IncludeStackTraceForSuites" signature="()" line-rate="1" branch-rate="1" complexity="NaN">
              <lines />
            </method>
            <method name="IncludeStackTraceForSuites" signature="(System.Boolean)" line-rate="1" branch-rate="1" complexity="NaN">
              <lines />
            </method>
            <method name="VsTestCategoryType" signature="()" line-rate="1" branch-rate="1" complexity="NaN">
              <lines />
            </method>
            <method name="VsTestCategoryType" signature="(NUnit.VisualStudio.TestAdapter.VsTestCategoryType)" line-rate="1" branch-rate="1" complexity="NaN">
              <lines />
            </method>
            <method name="DefaultTestNamePattern" signature="()" line-rate="1" branch-rate="1" complexity="NaN">
              <lines />
            </method>
            <method name="DefaultTestNamePattern" signature="(System.String)" line-rate="1" branch-rate="1" complexity="NaN">
              <lines />
            </method>
            <method name="PreFilter" signature="()" line-rate="1" branch-rate="1" complexity="NaN">
              <lines />
            </method>
            <method name="PreFilter" signature="(System.Boolean)" line-rate="1" branch-rate="1" complexity="NaN">
              <lines />
            </method>
            <method name="MapWarningTo" signature="()" line-rate="1" branch-rate="1" complexity="NaN">
              <lines />
            </method>
            <method name="MapWarningTo" signature="(Microsoft.VisualStudio.TestPlatform.ObjectModel.TestOutcome)" line-rate="1" branch-rate="1" complexity="NaN">
              <lines />
            </method>
            <method name="UseTestNameInConsoleOutput" signature="()" line-rate="1" branch-rate="1" complexity="NaN">
              <lines />
            </method>
            <method name="UseTestNameInConsoleOutput" signature="(System.Boolean)" line-rate="1" branch-rate="1" complexity="NaN">
              <lines />
            </method>
            <method name="DisplayName" signature="()" line-rate="1" branch-rate="1" complexity="NaN">
              <lines />
            </method>
            <method name="DisplayName" signature="(NUnit.VisualStudio.TestAdapter.DisplayNameOptions)" line-rate="1" branch-rate="1" complexity="NaN">
              <lines />
            </method>
            <method name="FullnameSeparator" signature="()" line-rate="1" branch-rate="1" complexity="NaN">
              <lines />
            </method>
            <method name="FullnameSeparator" signature="(System.Char)" line-rate="1" branch-rate="1" complexity="NaN">
              <lines />
            </method>
            <method name="ExplicitMode" signature="()" line-rate="1" branch-rate="1" complexity="NaN">
              <lines />
            </method>
            <method name="ExplicitMode" signature="(NUnit.VisualStudio.TestAdapter.ExplicitModeEnum)" line-rate="1" branch-rate="1" complexity="NaN">
              <lines />
            </method>
            <method name="SkipExecutionWhenNoTests" signature="()" line-rate="1" branch-rate="1" complexity="NaN">
              <lines />
            </method>
            <method name="SkipExecutionWhenNoTests" signature="(System.Boolean)" line-rate="1" branch-rate="1" complexity="NaN">
              <lines />
            </method>
            <method name="DumpXmlTestDiscovery" signature="()" line-rate="1" branch-rate="1" complexity="NaN">
              <lines />
            </method>
            <method name="DumpXmlTestDiscovery" signature="(System.Boolean)" line-rate="1" branch-rate="1" complexity="NaN">
              <lines />
            </method>
            <method name="DumpXmlTestResults" signature="()" line-rate="1" branch-rate="1" complexity="NaN">
              <lines />
            </method>
            <method name="DumpXmlTestResults" signature="(System.Boolean)" line-rate="1" branch-rate="1" complexity="NaN">
              <lines />
            </method>
            <method name="DumpVsInput" signature="()" line-rate="1" branch-rate="1" complexity="NaN">
              <lines />
            </method>
            <method name="DumpVsInput" signature="(System.Boolean)" line-rate="1" branch-rate="1" complexity="NaN">
              <lines />
            </method>
            <method name="FreakMode" signature="()" line-rate="1" branch-rate="1" complexity="NaN">
              <lines />
            </method>
            <method name="FreakMode" signature="(System.Boolean)" line-rate="1" branch-rate="1" complexity="NaN">
              <lines />
            </method>
            <method name="Debug" signature="()" line-rate="1" branch-rate="1" complexity="NaN">
              <lines />
            </method>
            <method name="Debug" signature="(System.Boolean)" line-rate="1" branch-rate="1" complexity="NaN">
              <lines />
            </method>
            <method name="DebugExecution" signature="()" line-rate="1" branch-rate="1" complexity="NaN">
              <lines />
            </method>
            <method name="DebugExecution" signature="(System.Boolean)" line-rate="1" branch-rate="1" complexity="NaN">
              <lines />
            </method>
            <method name="DebugDiscovery" signature="()" line-rate="1" branch-rate="1" complexity="NaN">
              <lines />
            </method>
            <method name="DebugDiscovery" signature="(System.Boolean)" line-rate="1" branch-rate="1" complexity="NaN">
              <lines />
            </method>
            <method name="EnsureAttachmentFileScheme" signature="()" line-rate="1" branch-rate="1" complexity="NaN">
              <lines />
            </method>
            <method name="EnsureAttachmentFileScheme" signature="(System.Boolean)" line-rate="1" branch-rate="1" complexity="NaN">
              <lines />
            </method>
            <method name=".ctor" signature="(NUnit.VisualStudio.TestAdapter.ITestLogger)" line-rate="1" branch-rate="1" complexity="NaN">
              <lines />
            </method>
            <method name="Load" signature="(Microsoft.VisualStudio.TestPlatform.ObjectModel.Adapter.IDiscoveryContext,NUnit.VisualStudio.TestAdapter.TestLogger)" line-rate="1" branch-rate="1" complexity="NaN">
              <lines />
            </method>
            <method name="Load" signature="(System.String)" line-rate="1" branch-rate="1" complexity="NaN">
              <lines />
            </method>
            <method name="ParseOutputXml" signature="(System.Xml.XmlNode)" line-rate="1" branch-rate="1" complexity="NaN">
              <lines />
            </method>
            <method name="SetTestOutputFolder" signature="(System.String)" line-rate="1" branch-rate="1" complexity="NaN">
              <lines />
            </method>
            <method name="ExtractNUnitDiagnosticSettings" signature="(System.Xml.XmlNode)" line-rate="1" branch-rate="1" complexity="NaN">
              <lines />
            </method>
            <method name="ParseInternalTraceLevel" signature="(System.String)" line-rate="1" branch-rate="1" complexity="NaN">
              <lines />
            </method>
            <method name="UpdateTestProperties" signature="(System.Xml.XmlDocument)" line-rate="1" branch-rate="1" complexity="NaN">
              <lines />
            </method>
            <method name="ExtractRunConfiguration" signature="(System.Xml.XmlDocument)" line-rate="1" branch-rate="1" complexity="NaN">
              <lines />
            </method>
            <method name="MapTestCategory" signature="(System.String)" line-rate="1" branch-rate="1" complexity="NaN">
              <lines />
            </method>
            <method name="MapDisplayName" signature="(System.String)" line-rate="1" branch-rate="1" complexity="NaN">
              <lines />
            </method>
            <method name="SaveRandomSeed" signature="(System.String)" line-rate="1" branch-rate="1" complexity="NaN">
              <lines />
            </method>
            <method name="RestoreRandomSeed" signature="(System.String)" line-rate="1" branch-rate="1" complexity="NaN">
              <lines />
            </method>
            <method name="UpdateNumberOfTestWorkers" signature="()" line-rate="1" branch-rate="1" complexity="6">
              <lines />
            </method>
            <method name="GetInnerTextWithLog" signature="(System.Xml.XmlNode,System.String,System.String[])" line-rate="1" branch-rate="1" complexity="NaN">
              <lines />
            </method>
            <method name="GetInnerText" signature="(System.Xml.XmlNode,System.String,System.Boolean,System.String[])" line-rate="1" branch-rate="1" complexity="NaN">
              <lines />
            </method>
            <method name="GetInnerTextAsInt" signature="(System.Xml.XmlNode,System.String,System.Int32)" line-rate="1" branch-rate="1" complexity="NaN">
              <lines />
            </method>
            <method name="GetInnerTextAsNullableInt" signature="(System.Xml.XmlNode,System.String,System.Boolean)" line-rate="1" branch-rate="1" complexity="NaN">
              <lines />
            </method>
            <method name="GetInnerTextAsBool" signature="(System.Xml.XmlNode,System.String,System.Boolean)" line-rate="1" branch-rate="1" complexity="NaN">
              <lines />
            </method>
            <method name="Log" signature="(System.String,T)" line-rate="1" branch-rate="1" complexity="NaN">
              <lines />
            </method>
            <method name="MapWarningOutcome" signature="(System.String)" line-rate="1" branch-rate="1" complexity="NaN">
              <lines />
            </method>
            <method name="MapEnum" signature="(System.String,T)" line-rate="1" branch-rate="1" complexity="NaN">
              <lines />
            </method>
          </methods>
          <lines />
        </class>
        <class name="NUnit.VisualStudio.TestAdapter.CategoryList" filename="D:\repos\NUnit\nunit3-vs-adapter\src\NUnitTestAdapter\CategoryList.cs" line-rate="1" branch-rate="1" complexity="5">
          <methods>
            <method name="LastNodeListCount" signature="()" line-rate="1" branch-rate="1" complexity="NaN">
              <lines />
            </method>
            <method name="LastNodeListCount" signature="(System.Int32)" line-rate="1" branch-rate="1" complexity="NaN">
              <lines />
            </method>
            <method name=".ctor" signature="(Microsoft.VisualStudio.TestPlatform.ObjectModel.TestCase,NUnit.VisualStudio.TestAdapter.IAdapterSettings)" line-rate="1" branch-rate="1" complexity="NaN">
              <lines />
            </method>
            <method name="AddRange" signature="(System.Collections.Generic.IEnumerable`1&lt;System.String&gt;)" line-rate="1" branch-rate="1" complexity="NaN">
              <lines />
            </method>
            <method name="ProcessTestCaseProperties" signature="(NUnit.VisualStudio.TestAdapter.NUnitEngine.INUnitTestCasePropertyInfo,System.Boolean,System.String,System.Collections.Generic.IDictionary`2&lt;System.String,NUnit.VisualStudio.TestAdapter.TraitsFeature/CachedTestCaseInfo&gt;)" line-rate="1" branch-rate="1" complexity="NaN">
              <lines />
            </method>
            <method name="IsInternalProperty" signature="(NUnit.VisualStudio.TestAdapter.NUnitEngine.NUnitProperty)" line-rate="1" branch-rate="1" complexity="NaN">
              <lines />
            </method>
            <method name="AddTraitsToCache" signature="(System.Collections.Generic.IDictionary`2&lt;System.String,NUnit.VisualStudio.TestAdapter.TraitsFeature/CachedTestCaseInfo&gt;,System.String,NUnit.VisualStudio.TestAdapter.NUnitEngine.NUnitProperty)" line-rate="1" branch-rate="1" complexity="NaN">
              <lines />
            </method>
            <method name="GetCachedInfo" signature="(System.Collections.Generic.IDictionary`2&lt;System.String,NUnit.VisualStudio.TestAdapter.TraitsFeature/CachedTestCaseInfo&gt;,System.String)" line-rate="1" branch-rate="1" complexity="NaN">
              <lines />
            </method>
            <method name="UpdateCategoriesToVs" signature="()" line-rate="1" branch-rate="1" complexity="4">
              <lines />
            </method>
            <method name=".cctor" signature="()" line-rate="1" branch-rate="1" complexity="1">
              <lines />
            </method>
          </methods>
          <lines />
        </class>
        <class name="NUnit.VisualStudio.TestAdapter.Dump.DumpXml" filename="D:\repos\NUnit\nunit3-vs-adapter\src\NUnitTestAdapter\Dump\DumpXml.cs" line-rate="1" branch-rate="1" complexity="3">
          <methods>
            <method name=".ctor" signature="(System.String,NUnit.VisualStudio.TestAdapter.Dump.IFile)" line-rate="1" branch-rate="1" complexity="NaN">
              <lines />
            </method>
            <method name="Dump2File" signature="(System.String)" line-rate="1" branch-rate="1" complexity="NaN">
              <lines />
            </method>
            <method name="EnsurePathExist" signature="(System.String)" line-rate="1" branch-rate="1" complexity="NaN">
              <lines />
            </method>
            <method name="DumpForDiscovery" signature="()" line-rate="1" branch-rate="1" complexity="1">
              <lines />
            </method>
            <method name="DumpForExecution" signature="()" line-rate="1" branch-rate="1" complexity="1">
              <lines />
            </method>
            <method name="RandomName" signature="()" line-rate="1" branch-rate="1" complexity="1">
              <lines />
            </method>
            <method name="AddTestEvent" signature="(System.String)" line-rate="1" branch-rate="1" complexity="NaN">
              <lines />
            </method>
            <method name="AddString" signature="(System.String)" line-rate="1" branch-rate="1" complexity="NaN">
              <lines />
            </method>
            <method name="DumpVSInputFilter" signature="(NUnit.Engine.TestFilter,System.String)" line-rate="1" branch-rate="1" complexity="NaN">
              <lines />
            </method>
            <method name="DumpVSInput" signature="(System.Collections.Generic.IEnumerable`1&lt;Microsoft.VisualStudio.TestPlatform.ObjectModel.TestCase&gt;)" line-rate="1" branch-rate="1" complexity="NaN">
              <lines />
            </method>
            <method name="DumpVSInput2NUnit" signature="(NUnit.Engine.TestPackage)" line-rate="1" branch-rate="1" complexity="NaN">
              <lines />
            </method>
            <method name="DumpFromVSInput" signature="(System.Linq.IGrouping`2&lt;System.String,Microsoft.VisualStudio.TestPlatform.ObjectModel.TestCase&gt;,NUnit.Engine.TestFilter,NUnit.Engine.TestPackage)" line-rate="1" branch-rate="1" complexity="NaN">
              <lines />
            </method>
            <method name="StartDiscoveryInExecution" signature="(System.Linq.IGrouping`2&lt;System.String,Microsoft.VisualStudio.TestPlatform.ObjectModel.TestCase&gt;,NUnit.Engine.TestFilter,NUnit.Engine.TestPackage)" line-rate="1" branch-rate="1" complexity="NaN">
              <lines />
            </method>
            <method name="StartExecution" signature="(NUnit.Engine.TestFilter,System.String)" line-rate="1" branch-rate="1" complexity="NaN">
              <lines />
            </method>
            <method name="CreateDump" signature="(System.String,System.Linq.IGrouping`2&lt;System.String,Microsoft.VisualStudio.TestPlatform.ObjectModel.TestCase&gt;,NUnit.VisualStudio.TestAdapter.IAdapterSettings)" line-rate="1" branch-rate="1" complexity="NaN">
              <lines />
            </method>
          </methods>
          <lines />
        </class>
        <class name="NUnit.VisualStudio.TestAdapter.Dump.File" filename="D:\repos\NUnit\nunit3-vs-adapter\src\NUnitTestAdapter\Dump\DumpXml.cs" line-rate="1" branch-rate="1" complexity="NaN">
          <methods>
            <method name="WriteAllText" signature="(System.String,System.String)" line-rate="1" branch-rate="1" complexity="NaN">
              <lines />
            </method>
            <method name="DirectoryExist" signature="(System.String)" line-rate="1" branch-rate="1" complexity="NaN">
              <lines />
            </method>
            <method name="CreateDirectory" signature="(System.String)" line-rate="1" branch-rate="1" complexity="NaN">
              <lines />
            </method>
          </methods>
          <lines />
        </class>
        <class name="NUnit.VisualStudio.TestAdapter.Dump.XmlNodeExtension" filename="D:\repos\NUnit\nunit3-vs-adapter\src\NUnitTestAdapter\Dump\XmlNodeExtension.cs" line-rate="1" branch-rate="1" complexity="NaN">
          <methods>
            <method name="AsString" signature="(System.Xml.XmlNode)" line-rate="1" branch-rate="1" complexity="NaN">
              <lines />
            </method>
          </methods>
          <lines />
        </class>
        <class name="NUnit.VisualStudio.TestAdapter.Execution" filename="D:\repos\NUnit\nunit3-vs-adapter\src\NUnitTestAdapter\Execution.cs" line-rate="1" branch-rate="1" complexity="1">
          <methods>
            <method name="TestOutputXmlFolder" signature="()" line-rate="1" branch-rate="1" complexity="NaN">
              <lines />
            </method>
            <method name="TestLog" signature="()" line-rate="1" branch-rate="1" complexity="NaN">
              <lines />
            </method>
            <method name="Settings" signature="()" line-rate="1" branch-rate="1" complexity="NaN">
              <lines />
            </method>
            <method name="Dump" signature="()" line-rate="1" branch-rate="1" complexity="NaN">
              <lines />
            </method>
            <method name="VsTestFilter" signature="()" line-rate="1" branch-rate="1" complexity="NaN">
              <lines />
            </method>
            <method name="NUnitEngineAdapter" signature="()" line-rate="1" branch-rate="1" complexity="NaN">
              <lines />
            </method>
            <method name=".ctor" signature="(NUnit.VisualStudio.TestAdapter.IExecutionContext)" line-rate="1" branch-rate="1" complexity="NaN">
              <lines />
            </method>
            <method name="Run" signature="(NUnit.Engine.TestFilter,NUnit.VisualStudio.TestAdapter.NUnitEngine.DiscoveryConverter,NUnit.VisualStudio.TestAdapter.NUnit3TestExecutor)" line-rate="1" branch-rate="1" complexity="NaN">
              <lines />
            </method>
            <method name="CreateTestFilterBuilder" signature="()" line-rate="1" branch-rate="1" complexity="1">
              <lines />
            </method>
            <method name="CreateConverter" signature="(NUnit.VisualStudio.TestAdapter.NUnitEngine.DiscoveryConverter)" line-rate="1" branch-rate="1" complexity="NaN">
              <lines />
            </method>
            <method name="CheckFilter" signature="(NUnit.Engine.TestFilter,NUnit.VisualStudio.TestAdapter.NUnitEngine.IDiscoveryConverter)" line-rate="1" branch-rate="1" complexity="NaN">
              <lines />
            </method>
          </methods>
          <lines />
        </class>
        <class name="NUnit.VisualStudio.TestAdapter.ExecutionFactory" filename="D:\repos\NUnit\nunit3-vs-adapter\src\NUnitTestAdapter\Execution.cs" line-rate="1" branch-rate="1" complexity="NaN">
          <methods>
            <method name="Create" signature="(NUnit.VisualStudio.TestAdapter.IExecutionContext)" line-rate="1" branch-rate="1" complexity="NaN">
              <lines />
            </method>
          </methods>
          <lines />
        </class>
        <class name="NUnit.VisualStudio.TestAdapter.IdeExecution" filename="D:\repos\NUnit\nunit3-vs-adapter\src\NUnitTestAdapter\Execution.cs" line-rate="1" branch-rate="1" complexity="NaN">
          <methods>
            <method name=".ctor" signature="(NUnit.VisualStudio.TestAdapter.IExecutionContext)" line-rate="1" branch-rate="1" complexity="NaN">
              <lines />
            </method>
            <method name="CheckFilterInCurrentMode" signature="(NUnit.Engine.TestFilter,NUnit.VisualStudio.TestAdapter.NUnitEngine.IDiscoveryConverter)" line-rate="1" branch-rate="1" complexity="NaN">
              <lines />
            </method>
          </methods>
          <lines />
        </class>
        <class name="NUnit.VisualStudio.TestAdapter.Internal.StringExtensions" filename="D:\repos\NUnit\nunit3-vs-adapter\src\NUnitTestAdapter\Internal\Extensions.cs" line-rate="1" branch-rate="1" complexity="NaN">
          <methods>
            <method name="IsNullOrWhiteSpace" signature="(System.String)" line-rate="1" branch-rate="1" complexity="NaN">
              <lines />
            </method>
          </methods>
          <lines />
        </class>
        <class name="NUnit.VisualStudio.TestAdapter.Internal.TimingLogger" filename="D:\repos\NUnit\nunit3-vs-adapter\src\NUnitTestAdapter\Internal\TimingLogger.cs" line-rate="1" branch-rate="1" complexity="2">
          <methods>
            <method name="Stopwatch" signature="()" line-rate="1" branch-rate="1" complexity="NaN">
              <lines />
            </method>
            <method name=".ctor" signature="(NUnit.VisualStudio.TestAdapter.IAdapterSettings,NUnit.VisualStudio.TestAdapter.ITestLogger)" line-rate="1" branch-rate="1" complexity="NaN">
              <lines />
            </method>
            <method name="ReStart" signature="()" line-rate="1" branch-rate="1" complexity="2">
              <lines />
            </method>
            <method name="LogTime" signature="(System.String)" line-rate="1" branch-rate="1" complexity="NaN">
              <lines />
            </method>
          </methods>
          <lines />
        </class>
        <class name="NUnit.VisualStudio.TestAdapter.Metadata.AppDomainMetadataProvider" filename="D:\repos\NUnit\nunit3-vs-adapter\src\NUnitTestAdapter\Metadata\AppDomainMetadataProvider.cs" line-rate="1" branch-rate="1" complexity="5">
          <methods>
            <method name=".ctor" signature="(System.String,System.String)" line-rate="1" branch-rate="1" complexity="NaN">
              <lines />
            </method>
            <method name="GetHelper" signature="()" line-rate="1" branch-rate="1" complexity="2">
              <lines />
            </method>
            <method name="Dispose" signature="()" line-rate="1" branch-rate="1" complexity="2">
              <lines />
            </method>
            <method name="GetDeclaringType" signature="(System.String,System.String,System.String)" line-rate="1" branch-rate="1" complexity="NaN">
              <lines />
            </method>
            <method name="GetStateMachineType" signature="(System.String,System.String,System.String)" line-rate="1" branch-rate="1" complexity="NaN">
              <lines />
            </method>
            <method name="GetDeclaringType" signature="(System.String,System.String,System.String)" line-rate="1" branch-rate="1" complexity="NaN">
              <lines />
            </method>
            <method name="GetStateMachineType" signature="(System.String,System.String,System.String)" line-rate="1" branch-rate="1" complexity="NaN">
              <lines />
            </method>
            <method name=".ctor" signature="()" line-rate="1" branch-rate="1" complexity="1">
              <lines />
            </method>
          </methods>
          <lines />
        </class>
        <class name="NUnit.VisualStudio.TestAdapter.Metadata.DirectReflectionMetadataProvider" filename="D:\repos\NUnit\nunit3-vs-adapter\src\NUnitTestAdapter\Metadata\DirectReflectionMetadataProvider.cs" line-rate="1" branch-rate="1" complexity="1">
          <methods>
            <method name="GetDeclaringType" signature="(System.String,System.String,System.String)" line-rate="1" branch-rate="1" complexity="NaN">
              <lines />
            </method>
            <method name="GetStateMachineType" signature="(System.String,System.String,System.String)" line-rate="1" branch-rate="1" complexity="NaN">
              <lines />
            </method>
            <method name="TryGetSingleMethod" signature="(System.String,System.String,System.String)" line-rate="1" branch-rate="1" complexity="NaN">
              <lines />
            </method>
            <method name="System.IDisposable.Dispose" signature="()" line-rate="1" branch-rate="1" complexity="1">
              <lines />
            </method>
          </methods>
          <lines />
        </class>
        <class name="NUnit.VisualStudio.TestAdapter.Metadata.TypeInfo" filename="D:\repos\NUnit\nunit3-vs-adapter\src\NUnitTestAdapter\Metadata\TypeInfo.cs" line-rate="1" branch-rate="1" complexity="NaN">
          <methods>
            <method name="AssemblyPath" signature="()" line-rate="1" branch-rate="1" complexity="NaN">
              <lines />
            </method>
            <method name="FullName" signature="()" line-rate="1" branch-rate="1" complexity="NaN">
              <lines />
            </method>
            <method name=".ctor" signature="(System.Type)" line-rate="1" branch-rate="1" complexity="NaN">
              <lines />
            </method>
            <method name=".ctor" signature="(System.String,System.String)" line-rate="1" branch-rate="1" complexity="NaN">
              <lines />
            </method>
          </methods>
          <lines />
        </class>
        <class name="NUnit.VisualStudio.TestAdapter.NavigationData" filename="D:\repos\NUnit\nunit3-vs-adapter\src\NUnitTestAdapter\NavigationData.cs" line-rate="1" branch-rate="1" complexity="1">
          <methods>
            <method name="FilePath" signature="()" line-rate="1" branch-rate="1" complexity="NaN">
              <lines />
            </method>
            <method name="LineNumber" signature="()" line-rate="1" branch-rate="1" complexity="NaN">
              <lines />
            </method>
            <method name="IsValid" signature="()" line-rate="1" branch-rate="1" complexity="NaN">
              <lines />
            </method>
            <method name=".ctor" signature="(System.String,System.Int32)" line-rate="1" branch-rate="1" complexity="NaN">
              <lines />
            </method>
            <method name=".cctor" signature="()" line-rate="1" branch-rate="1" complexity="1">
              <lines />
            </method>
          </methods>
          <lines />
        </class>
        <class name="NUnit.VisualStudio.TestAdapter.NavigationDataProvider" filename="D:\repos\NUnit\nunit3-vs-adapter\src\NUnitTestAdapter\NavigationDataProvider.cs" line-rate="1" branch-rate="1" complexity="3">
          <methods>
            <method name=".ctor" signature="(System.String,NUnit.VisualStudio.TestAdapter.ITestLogger)" line-rate="1" branch-rate="1" complexity="NaN">
              <lines />
            </method>
            <method name="CreateMetadataProvider" signature="(System.String)" line-rate="1" branch-rate="1" complexity="NaN">
              <lines />
            </method>
            <method name=".ctor" signature="(System.String,NUnit.VisualStudio.TestAdapter.ITestLogger,NUnit.VisualStudio.TestAdapter.Metadata.IMetadataProvider)" line-rate="1" branch-rate="1" complexity="NaN">
              <lines />
            </method>
            <method name="Dispose" signature="()" line-rate="1" branch-rate="1" complexity="3">
              <lines />
            </method>
            <method name="GetNavigationData" signature="(System.String,System.String)" line-rate="1" branch-rate="1" complexity="NaN">
              <lines />
            </method>
            <method name="DoWithBreaker" signature="(System.Func`4&lt;System.String,System.String,System.String,System.Nullable`1&lt;NUnit.VisualStudio.TestAdapter.Metadata.TypeInfo&gt;&gt;,System.String,System.String)" line-rate="1" branch-rate="1" complexity="NaN">
              <lines />
            </method>
            <method name="TryGetSessionData" signature="(System.String,System.String,System.String)" line-rate="1" branch-rate="1" complexity="NaN">
              <lines />
            </method>
            <method name="TryGetSessionData" signature="(System.Nullable`1&lt;NUnit.VisualStudio.TestAdapter.Metadata.TypeInfo&gt;,System.String)" line-rate="1" branch-rate="1" complexity="NaN">
              <lines />
            </method>
          </methods>
          <lines />
        </class>
        <class name="NUnit.VisualStudio.TestAdapter.NTrait" filename="D:\repos\NUnit\nunit3-vs-adapter\src\NUnitTestAdapter\TraitsFeature.cs" line-rate="1" branch-rate="1" complexity="NaN">
          <methods>
            <method name="Name" signature="()" line-rate="1" branch-rate="1" complexity="NaN">
              <lines />
            </method>
            <method name="Value" signature="()" line-rate="1" branch-rate="1" complexity="NaN">
              <lines />
            </method>
            <method name=".ctor" signature="(System.String,System.String)" line-rate="1" branch-rate="1" complexity="NaN">
              <lines />
            </method>
          </methods>
          <lines />
        </class>
        <class name="NUnit.VisualStudio.TestAdapter.NTraitNameComparer" filename="D:\repos\NUnit\nunit3-vs-adapter\src\NUnitTestAdapter\VsTestFilter.cs" line-rate="1" branch-rate="1" complexity="NaN">
          <methods>
            <method name="Equals" signature="(NUnit.VisualStudio.TestAdapter.NTrait,NUnit.VisualStudio.TestAdapter.NTrait)" line-rate="1" branch-rate="1" complexity="NaN">
              <lines />
            </method>
            <method name="GetHashCode" signature="(NUnit.VisualStudio.TestAdapter.NTrait)" line-rate="1" branch-rate="1" complexity="NaN">
              <lines />
            </method>
          </methods>
          <lines />
        </class>
        <class name="NUnit.VisualStudio.TestAdapter.NUnit3TestDiscoverer" filename="D:\repos\NUnit\nunit3-vs-adapter\src\NUnitTestAdapter\NUnit3TestDiscoverer.cs" line-rate="1" branch-rate="1" complexity="3">
          <methods>
            <method name="DiscoverTests" signature="(System.Collections.Generic.IEnumerable`1&lt;System.String&gt;,Microsoft.VisualStudio.TestPlatform.ObjectModel.Adapter.IDiscoveryContext,Microsoft.VisualStudio.TestPlatform.ObjectModel.Logging.IMessageLogger,Microsoft.VisualStudio.TestPlatform.ObjectModel.Adapter.ITestCaseDiscoverySink)" line-rate="1" branch-rate="1" complexity="NaN">
              <lines />
            </method>
            <method name="ProcessTestCases" signature="(NUnit.VisualStudio.TestAdapter.NUnitEngine.NUnitResults,Microsoft.VisualStudio.TestPlatform.ObjectModel.Adapter.ITestCaseDiscoverySink,NUnit.VisualStudio.TestAdapter.TestConverterForXml)" line-rate="1" branch-rate="1" complexity="NaN">
              <lines />
            </method>
            <method name="CheckIfDebug" signature="()" line-rate="1" branch-rate="1" complexity="3">
              <lines />
            </method>
          </methods>
          <lines />
        </class>
        <class name="NUnit.VisualStudio.TestAdapter.NUnit3TestExecutor" filename="D:\repos\NUnit\nunit3-vs-adapter\src\NUnitTestAdapter\NUnit3TestExecutor.cs" line-rate="1" branch-rate="1" complexity="18">
          <methods>
            <method name="RunType" signature="()" line-rate="1" branch-rate="1" complexity="NaN">
              <lines />
            </method>
            <method name="RunType" signature="(NUnit.VisualStudio.TestAdapter.RunType)" line-rate="1" branch-rate="1" complexity="NaN">
              <lines />
            </method>
            <method name="RunContext" signature="()" line-rate="1" branch-rate="1" complexity="NaN">
              <lines />
            </method>
            <method name="RunContext" signature="(Microsoft.VisualStudio.TestPlatform.ObjectModel.Adapter.IRunContext)" line-rate="1" branch-rate="1" complexity="NaN">
              <lines />
            </method>
            <method name="FrameworkHandle" signature="()" line-rate="1" branch-rate="1" complexity="NaN">
              <lines />
            </method>
            <method name="FrameworkHandle" signature="(Microsoft.VisualStudio.TestPlatform.ObjectModel.Adapter.IFrameworkHandle)" line-rate="1" branch-rate="1" complexity="NaN">
              <lines />
            </method>
            <method name="VsTestFilter" signature="()" line-rate="1" branch-rate="1" complexity="NaN">
              <lines />
            </method>
            <method name="VsTestFilter" signature="(NUnit.VisualStudio.TestAdapter.IVsTestFilter)" line-rate="1" branch-rate="1" complexity="NaN">
              <lines />
            </method>
            <method name="Log" signature="()" line-rate="1" branch-rate="1" complexity="NaN">
              <lines />
            </method>
            <method name="EngineAdapter" signature="()" line-rate="1" branch-rate="1" complexity="NaN">
              <lines />
            </method>
            <method name="TestOutputXmlFolder" signature="()" line-rate="1" branch-rate="1" complexity="NaN">
              <lines />
            </method>
            <method name="TestOutputXmlFolder" signature="(System.String)" line-rate="1" branch-rate="1" complexity="NaN">
              <lines />
            </method>
            <method name="Dump" signature="()" line-rate="1" branch-rate="1" complexity="NaN">
              <lines />
            </method>
            <method name="Dump" signature="(NUnit.VisualStudio.TestAdapter.Dump.IDumpXml)" line-rate="1" branch-rate="1" complexity="NaN">
              <lines />
            </method>
            <method name="RunTests" signature="(System.Collections.Generic.IEnumerable`1&lt;System.String&gt;,Microsoft.VisualStudio.TestPlatform.ObjectModel.Adapter.IRunContext,Microsoft.VisualStudio.TestPlatform.ObjectModel.Adapter.IFrameworkHandle)" line-rate="1" branch-rate="1" complexity="NaN">
              <lines />
            </method>
            <method name="SetRunTypeByStrings" signature="()" line-rate="1" branch-rate="1" complexity="7">
              <lines />
            </method>
            <method name="RunTests" signature="(System.Collections.Generic.IEnumerable`1&lt;Microsoft.VisualStudio.TestPlatform.ObjectModel.TestCase&gt;,Microsoft.VisualStudio.TestPlatform.ObjectModel.Adapter.IRunContext,Microsoft.VisualStudio.TestPlatform.ObjectModel.Adapter.IFrameworkHandle)" line-rate="1" branch-rate="1" complexity="NaN">
              <lines />
            </method>
            <method name="IsInProcDataCollectorsSpecifiedWithMultipleAssemblies" signature="(System.Collections.Generic.IEnumerable`1&lt;System.Linq.IGrouping`2&lt;System.String,Microsoft.VisualStudio.TestPlatform.ObjectModel.TestCase&gt;&gt;)" line-rate="1" branch-rate="1" complexity="NaN">
              <lines />
            </method>
            <method name="Microsoft.VisualStudio.TestPlatform.ObjectModel.Adapter.ITestExecutor.Cancel" signature="()" line-rate="1" branch-rate="1" complexity="1">
              <lines />
            </method>
            <method name="Dispose" signature="()" line-rate="1" branch-rate="1" complexity="1">
              <lines />
            </method>
            <method name="InitializeForExecution" signature="(Microsoft.VisualStudio.TestPlatform.ObjectModel.Adapter.IRunContext,Microsoft.VisualStudio.TestPlatform.ObjectModel.Adapter.IFrameworkHandle)" line-rate="1" branch-rate="1" complexity="NaN">
              <lines />
            </method>
            <method name="RunAssembly" signature="(System.String,System.Linq.IGrouping`2&lt;System.String,Microsoft.VisualStudio.TestPlatform.ObjectModel.TestCase&gt;,NUnit.Engine.TestFilter)" line-rate="1" branch-rate="1" complexity="NaN">
              <lines />
            </method>
            <method name="LogActionAndSelection" signature="(System.String,NUnit.Engine.TestFilter)" line-rate="1" branch-rate="1" complexity="NaN">
              <lines />
            </method>
            <method name="RestoreRandomSeed" signature="(System.String)" line-rate="1" branch-rate="1" complexity="NaN">
              <lines />
            </method>
            <method name="CreateTestFilterBuilder" signature="()" line-rate="1" branch-rate="1" complexity="1">
              <lines />
            </method>
            <method name="CreateTestOutputFolder" signature="()" line-rate="1" branch-rate="1" complexity="2">
              <lines />
            </method>
            <method name="StopRun" signature="()" line-rate="1" branch-rate="1" complexity="2">
              <lines />
            </method>
            <method name="CheckIfDebug" signature="()" line-rate="1" branch-rate="1" complexity="3">
              <lines />
            </method>
            <method name=".ctor" signature="()" line-rate="1" branch-rate="1" complexity="1">
              <lines />
            </method>
          </methods>
          <lines />
        </class>
        <class name="NUnit.VisualStudio.TestAdapter.NUnitEngine.BaseProperties" filename="D:\repos\NUnit\nunit3-vs-adapter\src\NUnitTestAdapter\NUnitEngine\DiscoveryConverter.cs" line-rate="1" branch-rate="1" complexity="NaN">
          <methods>
            <method name="Properties" signature="()" line-rate="1" branch-rate="1" complexity="NaN">
              <lines />
            </method>
            <method name="Id" signature="()" line-rate="1" branch-rate="1" complexity="NaN">
              <lines />
            </method>
            <method name="Name" signature="()" line-rate="1" branch-rate="1" complexity="NaN">
              <lines />
            </method>
            <method name="Fullname" signature="()" line-rate="1" branch-rate="1" complexity="NaN">
              <lines />
            </method>
            <method name="RunState" signature="()" line-rate="1" branch-rate="1" complexity="NaN">
              <lines />
            </method>
            <method name="TestCaseCount" signature="()" line-rate="1" branch-rate="1" complexity="NaN">
              <lines />
            </method>
            <method name=".ctor" signature="(System.String,System.String,System.String,System.Int32,NUnit.VisualStudio.TestAdapter.NUnitEngine.RunStateEnum)" line-rate="1" branch-rate="1" complexity="NaN">
              <lines />
            </method>
          </methods>
          <lines />
        </class>
        <class name="NUnit.VisualStudio.TestAdapter.NUnitEngine.DiscoveryConverter" filename="D:\repos\NUnit\nunit3-vs-adapter\src\NUnitTestAdapter\NUnitEngine\DiscoveryConverter.cs" line-rate="1" branch-rate="1" complexity="NaN">
          <methods>
            <method name="TestConverterForXml" signature="()" line-rate="1" branch-rate="1" complexity="NaN">
              <lines />
            </method>
            <method name="TestConverter" signature="()" line-rate="1" branch-rate="1" complexity="NaN">
              <lines />
            </method>
            <method name="TestRun" signature="()" line-rate="1" branch-rate="1" complexity="NaN">
              <lines />
            </method>
            <method name="TestRun" signature="(NUnit.VisualStudio.TestAdapter.NUnitEngine.NUnitDiscoveryTestRun)" line-rate="1" branch-rate="1" complexity="NaN">
              <lines />
            </method>
            <method name="IsDiscoveryMethodCurrent" signature="()" line-rate="1" branch-rate="1" complexity="NaN">
              <lines />
            </method>
            <method name="CurrentTestAssembly" signature="()" line-rate="1" branch-rate="1" complexity="NaN">
              <lines />
            </method>
            <method name="TopLevelTestSuite" signature="()" line-rate="1" branch-rate="1" complexity="NaN">
              <lines />
            </method>
            <method name="AllTestCases" signature="()" line-rate="1" branch-rate="1" complexity="NaN">
              <lines />
            </method>
            <method name="IsExplicitRun" signature="()" line-rate="1" branch-rate="1" complexity="NaN">
              <lines />
            </method>
            <method name="NoOfExplicitTestCases" signature="()" line-rate="1" branch-rate="1" complexity="NaN">
              <lines />
            </method>
            <method name="HasExplicitTests" signature="()" line-rate="1" branch-rate="1" complexity="NaN">
              <lines />
            </method>
            <method name="LoadedTestCases" signature="()" line-rate="1" branch-rate="1" complexity="NaN">
              <lines />
            </method>
            <method name="NoOfLoadedTestCases" signature="()" line-rate="1" branch-rate="1" complexity="NaN">
              <lines />
            </method>
            <method name="AssemblyPath" signature="()" line-rate="1" branch-rate="1" complexity="NaN">
              <lines />
            </method>
            <method name="AssemblyPath" signature="(System.String)" line-rate="1" branch-rate="1" complexity="NaN">
              <lines />
            </method>
            <method name="Settings" signature="()" line-rate="1" branch-rate="1" complexity="NaN">
              <lines />
            </method>
            <method name="TestLog" signature="()" line-rate="1" branch-rate="1" complexity="NaN">
              <lines />
            </method>
            <method name="NoOfLoadedTestCasesAboveLimit" signature="()" line-rate="1" branch-rate="1" complexity="NaN">
              <lines />
            </method>
            <method name="GetExplicitTestCases" signature="(System.Collections.Generic.IEnumerable`1&lt;Microsoft.VisualStudio.TestPlatform.ObjectModel.TestCase&gt;)" line-rate="1" branch-rate="1" complexity="NaN">
              <lines />
            </method>
            <method name=".ctor" signature="(NUnit.VisualStudio.TestAdapter.ITestLogger,NUnit.VisualStudio.TestAdapter.IAdapterSettings)" line-rate="1" branch-rate="1" complexity="NaN">
              <lines />
            </method>
            <method name="Convert" signature="(NUnit.VisualStudio.TestAdapter.NUnitEngine.NUnitResults,System.String)" line-rate="1" branch-rate="1" complexity="NaN">
              <lines />
            </method>
            <method name="ConvertXml" signature="(NUnit.VisualStudio.TestAdapter.NUnitEngine.NUnitResults)" line-rate="1" branch-rate="1" complexity="NaN">
              <lines />
            </method>
            <method name="ExtractTestSuite" signature="(System.Xml.Linq.XElement,NUnit.VisualStudio.TestAdapter.NUnitEngine.NUnitDiscoverySuiteBase)" line-rate="1" branch-rate="1" complexity="NaN">
              <lines />
            </method>
            <method name="ExtractAllFixtures" signature="(NUnit.VisualStudio.TestAdapter.NUnitEngine.NUnitDiscoveryCanHaveTestFixture,System.Xml.Linq.XElement)" line-rate="1" branch-rate="1" complexity="NaN">
              <lines />
            </method>
            <method name="ExtractTestFixtures" signature="(NUnit.VisualStudio.TestAdapter.NUnitEngine.NUnitDiscoveryCanHaveTestFixture,System.Xml.Linq.XElement)" line-rate="1" branch-rate="1" complexity="NaN">
              <lines />
            </method>
            <method name="ExtractParameterizedMethodsAndTheories" signature="(NUnit.VisualStudio.TestAdapter.NUnitEngine.NUnitDiscoveryTestFixture,System.Xml.Linq.XElement)" line-rate="1" branch-rate="1" complexity="NaN">
              <lines />
            </method>
            <method name="ExtractTestCases" signature="(NUnit.VisualStudio.TestAdapter.NUnitEngine.INUnitDiscoveryCanHaveTestCases,System.Xml.Linq.XElement)" line-rate="1" branch-rate="1" complexity="NaN">
              <lines />
            </method>
            <method name="ExtractTestCase" signature="(NUnit.VisualStudio.TestAdapter.NUnitEngine.INUnitDiscoveryCanHaveTestCases,System.Xml.Linq.XElement)" line-rate="1" branch-rate="1" complexity="NaN">
              <lines />
            </method>
            <method name="ExtractTestFixture" signature="(NUnit.VisualStudio.TestAdapter.NUnitEngine.INUnitDiscoveryCanHaveTestFixture,System.Xml.Linq.XElement,System.String)" line-rate="1" branch-rate="1" complexity="NaN">
              <lines />
            </method>
            <method name="ExtractGenericTestFixture" signature="(NUnit.VisualStudio.TestAdapter.NUnitEngine.NUnitDiscoveryCanHaveTestFixture,System.Xml.Linq.XElement)" line-rate="1" branch-rate="1" complexity="NaN">
              <lines />
            </method>
            <method name="ExtractSetUpTestFixture" signature="(NUnit.VisualStudio.TestAdapter.NUnitEngine.NUnitDiscoveryCanHaveTestFixture,System.Xml.Linq.XElement,System.String)" line-rate="1" branch-rate="1" complexity="NaN">
              <lines />
            </method>
            <method name="ExtractParameterizedTestFixture" signature="(NUnit.VisualStudio.TestAdapter.NUnitEngine.NUnitDiscoveryCanHaveTestFixture,System.Xml.Linq.XElement)" line-rate="1" branch-rate="1" complexity="NaN">
              <lines />
            </method>
            <method name="ExtractTestAssembly" signature="(System.Xml.Linq.XElement,NUnit.VisualStudio.TestAdapter.NUnitEngine.NUnitDiscoveryTestRun)" line-rate="1" branch-rate="1" complexity="NaN">
              <lines />
            </method>
            <method name="ExtractSuiteBasePropertiesClass" signature="(System.Xml.Linq.XElement)" line-rate="1" branch-rate="1" complexity="NaN">
              <lines />
            </method>
            <method name="ExtractTestRun" signature="(System.Xml.Linq.XDocument)" line-rate="1" branch-rate="1" complexity="NaN">
              <lines />
            </method>
            <method name="ExtractRunState" signature="(System.Xml.Linq.XElement)" line-rate="1" branch-rate="1" complexity="NaN">
              <lines />
            </method>
          </methods>
          <lines />
        </class>
        <class name="NUnit.VisualStudio.TestAdapter.NUnitEngine.DiscoveryException" filename="D:\repos\NUnit\nunit3-vs-adapter\src\NUnitTestAdapter\NUnitEngine\DiscoveryException.cs" line-rate="1" branch-rate="1" complexity="1">
          <methods>
            <method name=".ctor" signature="()" line-rate="1" branch-rate="1" complexity="1">
              <lines />
            </method>
            <method name=".ctor" signature="(System.String)" line-rate="1" branch-rate="1" complexity="NaN">
              <lines />
            </method>
            <method name=".ctor" signature="(System.String,System.Exception)" line-rate="1" branch-rate="1" complexity="NaN">
              <lines />
            </method>
            <method name=".ctor" signature="(System.Runtime.Serialization.SerializationInfo,System.Runtime.Serialization.StreamingContext)" line-rate="1" branch-rate="1" complexity="NaN">
              <lines />
            </method>
          </methods>
          <lines />
        </class>
        <class name="NUnit.VisualStudio.TestAdapter.NUnitEngine.Extensions" filename="D:\repos\NUnit\nunit3-vs-adapter\src\NUnitTestAdapter\NUnitEngine\Extensions.cs" line-rate="1" branch-rate="1" complexity="NaN">
          <methods>
            <method name="AllWithEmptyFalse" signature="(System.Collections.Generic.IEnumerable`1&lt;T&gt;,System.Func`2&lt;T,System.Boolean&gt;)" line-rate="1" branch-rate="1" complexity="NaN">
              <lines />
            </method>
            <method name="IsEmpty" signature="(NUnit.Engine.TestFilter)" line-rate="1" branch-rate="1" complexity="NaN">
              <lines />
            </method>
            <method name="IsCategoryFilter" signature="(NUnit.Engine.TestFilter)" line-rate="1" branch-rate="1" complexity="NaN">
              <lines />
            </method>
            <method name="IsNegativeCategoryFilter" signature="(NUnit.Engine.TestFilter)" line-rate="1" branch-rate="1" complexity="NaN">
              <lines />
            </method>
          </methods>
          <lines />
        </class>
        <class name="NUnit.VisualStudio.TestAdapter.NUnitEngine.NUnitAttachment" filename="D:\repos\NUnit\nunit3-vs-adapter\src\NUnitTestAdapter\NUnitEngine\NUnitTestEvent.cs" line-rate="1" branch-rate="1" complexity="NaN">
          <methods>
            <method name="FilePath" signature="()" line-rate="1" branch-rate="1" complexity="NaN">
              <lines />
            </method>
            <method name="Description" signature="()" line-rate="1" branch-rate="1" complexity="NaN">
              <lines />
            </method>
            <method name=".ctor" signature="(System.String,System.String)" line-rate="1" branch-rate="1" complexity="NaN">
              <lines />
            </method>
          </methods>
          <lines />
        </class>
        <class name="NUnit.VisualStudio.TestAdapter.NUnitEngine.NUnitDiscoveryCanHaveTestCases" filename="D:\repos\NUnit\nunit3-vs-adapter\src\NUnitTestAdapter\NUnitEngine\NUnitDiscoveryTestClasses.cs" line-rate="1" branch-rate="1" complexity="NaN">
          <methods>
            <method name="TestCases" signature="()" line-rate="1" branch-rate="1" complexity="NaN">
              <lines />
            </method>
            <method name="NoOfActualTestCases" signature="()" line-rate="1" branch-rate="1" complexity="NaN">
              <lines />
            </method>
            <method name="IsExplicit" signature="()" line-rate="1" branch-rate="1" complexity="NaN">
              <lines />
            </method>
            <method name="ClassName" signature="()" line-rate="1" branch-rate="1" complexity="NaN">
              <lines />
            </method>
            <method name="AddTestCase" signature="(NUnit.VisualStudio.TestAdapter.NUnitEngine.NUnitDiscoveryTestCase)" line-rate="1" branch-rate="1" complexity="NaN">
              <lines />
            </method>
            <method name=".ctor" signature="(NUnit.VisualStudio.TestAdapter.NUnitEngine.BaseProperties,NUnit.VisualStudio.TestAdapter.NUnitEngine.INUnitDiscoverySuiteBase,System.String)" line-rate="1" branch-rate="1" complexity="NaN">
              <lines />
            </method>
          </methods>
          <lines />
        </class>
        <class name="NUnit.VisualStudio.TestAdapter.NUnitEngine.NUnitDiscoveryCanHaveTestFixture" filename="D:\repos\NUnit\nunit3-vs-adapter\src\NUnitTestAdapter\NUnitEngine\NUnitDiscoveryTestClasses.cs" line-rate="1" branch-rate="1" complexity="NaN">
          <methods>
            <method name="TestFixtures" signature="()" line-rate="1" branch-rate="1" complexity="NaN">
              <lines />
            </method>
            <method name="TestSuites" signature="()" line-rate="1" branch-rate="1" complexity="NaN">
              <lines />
            </method>
            <method name="SetUpFixtures" signature="()" line-rate="1" branch-rate="1" complexity="NaN">
              <lines />
            </method>
            <method name="ParameterizedFixtures" signature="()" line-rate="1" branch-rate="1" complexity="NaN">
              <lines />
            </method>
            <method name="GenericFixtures" signature="()" line-rate="1" branch-rate="1" complexity="NaN">
              <lines />
            </method>
            <method name="IsExplicit" signature="()" line-rate="1" branch-rate="1" complexity="NaN">
              <lines />
            </method>
            <method name="NoOfActualTestCases" signature="()" line-rate="1" branch-rate="1" complexity="NaN">
              <lines />
            </method>
            <method name="AddTestFixture" signature="(NUnit.VisualStudio.TestAdapter.NUnitEngine.NUnitDiscoveryTestFixture)" line-rate="1" branch-rate="1" complexity="NaN">
              <lines />
            </method>
            <method name=".ctor" signature="(NUnit.VisualStudio.TestAdapter.NUnitEngine.BaseProperties,NUnit.VisualStudio.TestAdapter.NUnitEngine.INUnitDiscoverySuiteBase)" line-rate="1" branch-rate="1" complexity="NaN">
              <lines />
            </method>
            <method name="AddTestSuite" signature="(NUnit.VisualStudio.TestAdapter.NUnitEngine.NUnitDiscoveryTestSuite)" line-rate="1" branch-rate="1" complexity="NaN">
              <lines />
            </method>
            <method name="AddTestGenericFixture" signature="(NUnit.VisualStudio.TestAdapter.NUnitEngine.NUnitDiscoveryGenericFixture)" line-rate="1" branch-rate="1" complexity="NaN">
              <lines />
            </method>
            <method name="AddSetUpFixture" signature="(NUnit.VisualStudio.TestAdapter.NUnitEngine.NUnitDiscoverySetUpFixture)" line-rate="1" branch-rate="1" complexity="NaN">
              <lines />
            </method>
            <method name="AddParameterizedFixture" signature="(NUnit.VisualStudio.TestAdapter.NUnitEngine.NUnitDiscoveryParameterizedTestFixture)" line-rate="1" branch-rate="1" complexity="NaN">
              <lines />
            </method>
          </methods>
          <lines />
        </class>
        <class name="NUnit.VisualStudio.TestAdapter.NUnitEngine.NUnitDiscoveryGenericFixture" filename="D:\repos\NUnit\nunit3-vs-adapter\src\NUnitTestAdapter\NUnitEngine\NUnitDiscoveryTestClasses.cs" line-rate="1" branch-rate="1" complexity="NaN">
          <methods>
            <method name=".ctor" signature="(NUnit.VisualStudio.TestAdapter.NUnitEngine.BaseProperties,NUnit.VisualStudio.TestAdapter.NUnitEngine.INUnitDiscoverySuiteBase)" line-rate="1" branch-rate="1" complexity="NaN">
              <lines />
            </method>
          </methods>
          <lines />
        </class>
        <class name="NUnit.VisualStudio.TestAdapter.NUnitEngine.NUnitDiscoveryGenericMethod" filename="D:\repos\NUnit\nunit3-vs-adapter\src\NUnitTestAdapter\NUnitEngine\NUnitDiscoveryTestClasses.cs" line-rate="1" branch-rate="1" complexity="NaN">
          <methods>
            <method name=".ctor" signature="(NUnit.VisualStudio.TestAdapter.NUnitEngine.BaseProperties,System.String,NUnit.VisualStudio.TestAdapter.NUnitEngine.INUnitDiscoverySuiteBase)" line-rate="1" branch-rate="1" complexity="NaN">
              <lines />
            </method>
          </methods>
          <lines />
        </class>
        <class name="NUnit.VisualStudio.TestAdapter.NUnitEngine.NUnitDiscoveryParameterizedMethod" filename="D:\repos\NUnit\nunit3-vs-adapter\src\NUnitTestAdapter\NUnitEngine\NUnitDiscoveryTestClasses.cs" line-rate="1" branch-rate="1" complexity="NaN">
          <methods>
            <method name="IsParameterizedMethod" signature="()" line-rate="1" branch-rate="1" complexity="NaN">
              <lines />
            </method>
            <method name=".ctor" signature="(NUnit.VisualStudio.TestAdapter.NUnitEngine.BaseProperties,System.String,NUnit.VisualStudio.TestAdapter.NUnitEngine.INUnitDiscoverySuiteBase)" line-rate="1" branch-rate="1" complexity="NaN">
              <lines />
            </method>
          </methods>
          <lines />
        </class>
        <class name="NUnit.VisualStudio.TestAdapter.NUnitEngine.NUnitDiscoveryParameterizedTestFixture" filename="D:\repos\NUnit\nunit3-vs-adapter\src\NUnitTestAdapter\NUnitEngine\NUnitDiscoveryTestClasses.cs" line-rate="1" branch-rate="1" complexity="NaN">
          <methods>
            <method name=".ctor" signature="(NUnit.VisualStudio.TestAdapter.NUnitEngine.BaseProperties,NUnit.VisualStudio.TestAdapter.NUnitEngine.NUnitDiscoveryCanHaveTestFixture)" line-rate="1" branch-rate="1" complexity="NaN">
              <lines />
            </method>
          </methods>
          <lines />
        </class>
        <class name="NUnit.VisualStudio.TestAdapter.NUnitEngine.NUnitDiscoveryProperties" filename="D:\repos\NUnit\nunit3-vs-adapter\src\NUnitTestAdapter\NUnitEngine\NUnitDiscoveryTestClasses.cs" line-rate="1" branch-rate="1" complexity="1">
          <methods>
            <method name="TheProperties" signature="()" line-rate="1" branch-rate="1" complexity="NaN">
              <lines />
            </method>
            <method name="Properties" signature="()" line-rate="1" branch-rate="1" complexity="NaN">
              <lines />
            </method>
            <method name="AllInternal" signature="()" line-rate="1" branch-rate="1" complexity="NaN">
              <lines />
            </method>
            <method name="Add" signature="(NUnit.VisualStudio.TestAdapter.NUnitEngine.NUnitProperty)" line-rate="1" branch-rate="1" complexity="NaN">
              <lines />
            </method>
            <method name=".ctor" signature="()" line-rate="1" branch-rate="1" complexity="1">
              <lines />
            </method>
          </methods>
          <lines />
        </class>
        <class name="NUnit.VisualStudio.TestAdapter.NUnitEngine.NUnitDiscoverySetUpFixture" filename="D:\repos\NUnit\nunit3-vs-adapter\src\NUnitTestAdapter\NUnitEngine\NUnitDiscoveryTestClasses.cs" line-rate="1" branch-rate="1" complexity="NaN">
          <methods>
            <method name="ClassName" signature="()" line-rate="1" branch-rate="1" complexity="NaN">
              <lines />
            </method>
            <method name=".ctor" signature="(NUnit.VisualStudio.TestAdapter.NUnitEngine.BaseProperties,System.String,NUnit.VisualStudio.TestAdapter.NUnitEngine.NUnitDiscoveryCanHaveTestFixture)" line-rate="1" branch-rate="1" complexity="NaN">
              <lines />
            </method>
          </methods>
          <lines />
        </class>
        <class name="NUnit.VisualStudio.TestAdapter.NUnitEngine.NUnitDiscoverySuiteBase" filename="D:\repos\NUnit\nunit3-vs-adapter\src\NUnitTestAdapter\NUnitEngine\NUnitDiscoveryTestClasses.cs" line-rate="1" branch-rate="1" complexity="NaN">
          <methods>
            <method name="Id" signature="()" line-rate="1" branch-rate="1" complexity="NaN">
              <lines />
            </method>
            <method name="Name" signature="()" line-rate="1" branch-rate="1" complexity="NaN">
              <lines />
            </method>
            <method name="FullName" signature="()" line-rate="1" branch-rate="1" complexity="NaN">
              <lines />
            </method>
            <method name="TestCaseCount" signature="()" line-rate="1" branch-rate="1" complexity="NaN">
              <lines />
            </method>
            <method name="RunState" signature="()" line-rate="1" branch-rate="1" complexity="NaN">
              <lines />
            </method>
            <method name="Parent" signature="()" line-rate="1" branch-rate="1" complexity="NaN">
              <lines />
            </method>
            <method name="NUnitDiscoveryProperties" signature="()" line-rate="1" branch-rate="1" complexity="NaN">
              <lines />
            </method>
            <method name="IsExplicitReverse" signature="()" line-rate="1" branch-rate="1" complexity="NaN">
              <lines />
            </method>
            <method name="IsParameterizedMethod" signature="()" line-rate="1" branch-rate="1" complexity="NaN">
              <lines />
            </method>
            <method name="Properties" signature="()" line-rate="1" branch-rate="1" complexity="NaN">
              <lines />
            </method>
            <method name=".ctor" signature="(System.String,System.String,System.String,System.Int32)" line-rate="1" branch-rate="1" complexity="NaN">
              <lines />
            </method>
            <method name=".ctor" signature="(NUnit.VisualStudio.TestAdapter.NUnitEngine.BaseProperties)" line-rate="1" branch-rate="1" complexity="NaN">
              <lines />
            </method>
            <method name=".ctor" signature="(NUnit.VisualStudio.TestAdapter.NUnitEngine.BaseProperties,NUnit.VisualStudio.TestAdapter.NUnitEngine.INUnitDiscoverySuiteBase)" line-rate="1" branch-rate="1" complexity="NaN">
              <lines />
            </method>
            <method name="AddToAllTestCases" signature="(NUnit.VisualStudio.TestAdapter.NUnitEngine.NUnitDiscoveryTestCase)" line-rate="1" branch-rate="1" complexity="NaN">
              <lines />
            </method>
          </methods>
          <lines />
        </class>
        <class name="NUnit.VisualStudio.TestAdapter.NUnitEngine.NUnitDiscoveryTestAssembly" filename="D:\repos\NUnit\nunit3-vs-adapter\src\NUnitTestAdapter\NUnitEngine\NUnitDiscoveryTestClasses.cs" line-rate="1" branch-rate="1" complexity="NaN">
          <methods>
            <method name="AllTestCases" signature="()" line-rate="1" branch-rate="1" complexity="NaN">
              <lines />
            </method>
            <method name="RunnableTestCases" signature="()" line-rate="1" branch-rate="1" complexity="NaN">
              <lines />
            </method>
            <method name="NoOfExplicitTestCases" signature="()" line-rate="1" branch-rate="1" complexity="NaN">
              <lines />
            </method>
            <method name=".ctor" signature="(NUnit.VisualStudio.TestAdapter.NUnitEngine.BaseProperties,NUnit.VisualStudio.TestAdapter.NUnitEngine.NUnitDiscoveryTestRun)" line-rate="1" branch-rate="1" complexity="NaN">
              <lines />
            </method>
            <method name="AddTestSuiteToAssembly" signature="(NUnit.VisualStudio.TestAdapter.NUnitEngine.NUnitDiscoveryTestSuite)" line-rate="1" branch-rate="1" complexity="NaN">
              <lines />
            </method>
            <method name="AddToAllTestCases" signature="(NUnit.VisualStudio.TestAdapter.NUnitEngine.NUnitDiscoveryTestCase)" line-rate="1" branch-rate="1" complexity="NaN">
              <lines />
            </method>
          </methods>
          <lines />
        </class>
        <class name="NUnit.VisualStudio.TestAdapter.NUnitEngine.NUnitDiscoveryTestCase" filename="D:\repos\NUnit\nunit3-vs-adapter\src\NUnitTestAdapter\NUnitEngine\NUnitDiscoveryTestClasses.cs" line-rate="1" branch-rate="1" complexity="NaN">
          <methods>
            <method name="ClassName" signature="()" line-rate="1" branch-rate="1" complexity="NaN">
              <lines />
            </method>
            <method name="MethodName" signature="()" line-rate="1" branch-rate="1" complexity="NaN">
              <lines />
            </method>
            <method name="MethodName" signature="(System.String)" line-rate="1" branch-rate="1" complexity="NaN">
              <lines />
            </method>
            <method name="Seed" signature="()" line-rate="1" branch-rate="1" complexity="NaN">
              <lines />
            </method>
            <method name="Seed" signature="(System.Int64)" line-rate="1" branch-rate="1" complexity="NaN">
              <lines />
            </method>
            <method name="IsExplicit" signature="()" line-rate="1" branch-rate="1" complexity="NaN">
              <lines />
            </method>
            <method name=".ctor" signature="(NUnit.VisualStudio.TestAdapter.NUnitEngine.BaseProperties,NUnit.VisualStudio.TestAdapter.NUnitEngine.INUnitDiscoveryCanHaveTestCases,System.String,System.String,System.Int64)" line-rate="1" branch-rate="1" complexity="NaN">
              <lines />
            </method>
          </methods>
          <lines />
        </class>
        <class name="NUnit.VisualStudio.TestAdapter.NUnitEngine.NUnitDiscoveryTestFixture" filename="D:\repos\NUnit\nunit3-vs-adapter\src\NUnitTestAdapter\NUnitEngine\NUnitDiscoveryTestClasses.cs" line-rate="1" branch-rate="1" complexity="NaN">
          <methods>
            <method name="ParameterizedMethods" signature="()" line-rate="1" branch-rate="1" complexity="NaN">
              <lines />
            </method>
            <method name="Theories" signature="()" line-rate="1" branch-rate="1" complexity="NaN">
              <lines />
            </method>
            <method name="NoOfActualTestCases" signature="()" line-rate="1" branch-rate="1" complexity="NaN">
              <lines />
            </method>
            <method name="IsExplicit" signature="()" line-rate="1" branch-rate="1" complexity="NaN">
              <lines />
            </method>
            <method name="GenericMethods" signature="()" line-rate="1" branch-rate="1" complexity="NaN">
              <lines />
            </method>
            <method name=".ctor" signature="(NUnit.VisualStudio.TestAdapter.NUnitEngine.BaseProperties,System.String,NUnit.VisualStudio.TestAdapter.NUnitEngine.INUnitDiscoverySuiteBase)" line-rate="1" branch-rate="1" complexity="NaN">
              <lines />
            </method>
            <method name="AddParameterizedMethod" signature="(NUnit.VisualStudio.TestAdapter.NUnitEngine.NUnitDiscoveryParameterizedMethod)" line-rate="1" branch-rate="1" complexity="NaN">
              <lines />
            </method>
            <method name="AddTheory" signature="(NUnit.VisualStudio.TestAdapter.NUnitEngine.NUnitDiscoveryTheory)" line-rate="1" branch-rate="1" complexity="NaN">
              <lines />
            </method>
            <method name="AddGenericMethod" signature="(NUnit.VisualStudio.TestAdapter.NUnitEngine.NUnitDiscoveryGenericMethod)" line-rate="1" branch-rate="1" complexity="NaN">
              <lines />
            </method>
          </methods>
          <lines />
        </class>
        <class name="NUnit.VisualStudio.TestAdapter.NUnitEngine.NUnitDiscoveryTestRun" filename="D:\repos\NUnit\nunit3-vs-adapter\src\NUnitTestAdapter\NUnitEngine\NUnitDiscoveryTestClasses.cs" line-rate="1" branch-rate="1" complexity="NaN">
          <methods>
            <method name="TestAssembly" signature="()" line-rate="1" branch-rate="1" complexity="NaN">
              <lines />
            </method>
            <method name="TestAssembly" signature="(NUnit.VisualStudio.TestAdapter.NUnitEngine.NUnitDiscoveryTestAssembly)" line-rate="1" branch-rate="1" complexity="NaN">
              <lines />
            </method>
[...]
            <line number="40" hits="0" branch="false" />
            <line number="41" hits="0" branch="false" />
            <line number="42" hits="0" branch="false" />
            <line number="43" hits="0" branch="false" />
            <line number="44" hits="0" branch="false" />
            <line number="45" hits="0" branch="false" />
            <line number="46" hits="0" branch="false" />
            <line number="47" hits="0" branch="false" />
            <line number="48" hits="0" branch="false" />
            <line number="52" hits="0" branch="false" />
            <line number="53" hits="0" branch="false" />
            <line number="54" hits="0" branch="false" />
            <line number="55" hits="0" branch="false" />
            <line number="56" hits="0" branch="false" />
            <line number="57" hits="0" branch="false" />
            <line number="58" hits="0" branch="false" />
            <line number="59" hits="0" branch="false" />
            <line number="60" hits="0" branch="false" />
            <line number="61" hits="0" branch="false" />
            <line number="62" hits="0" branch="false" />
            <line number="63" hits="0" branch="false" />
            <line number="64" hits="0" branch="false" />
            <line number="65" hits="0" branch="false" />
            <line number="66" hits="0" branch="false" />
            <line number="67" hits="0" branch="false" />
            <line number="71" hits="0" branch="false" />
            <line number="72" hits="0" branch="false" />
            <line number="73" hits="0" branch="false" />
            <line number="74" hits="0" branch="false" />
            <line number="75" hits="0" branch="false" />
            <line number="76" hits="0" branch="false" />
            <line number="77" hits="0" branch="false" />
            <line number="78" hits="0" branch="false" />
            <line number="79" hits="0" branch="false" />
            <line number="80" hits="0" branch="false" />
            <line number="81" hits="0" branch="false" />
            <line number="85" hits="0" branch="false" />
            <line number="86" hits="0" branch="false" />
            <line number="87" hits="0" branch="false" />
            <line number="88" hits="0" branch="false" />
            <line number="89" hits="0" branch="false" />
            <line number="90" hits="0" branch="false" />
            <line number="91" hits="0" branch="false" />
            <line number="92" hits="0" branch="false" />
            <line number="93" hits="0" branch="false" />
            <line number="94" hits="0" branch="false" />
            <line number="95" hits="0" branch="false" />
            <line number="96" hits="0" branch="false" />
            <line number="97" hits="0" branch="false" />
            <line number="98" hits="0" branch="false" />
            <line number="99" hits="0" branch="false" />
            <line number="100" hits="0" branch="false" />
            <line number="101" hits="0" branch="false" />
            <line number="102" hits="0" branch="false" />
            <line number="106" hits="0" branch="false" />
            <line number="107" hits="0" branch="false" />
            <line number="108" hits="0" branch="false" />
            <line number="109" hits="0" branch="false" />
            <line number="110" hits="0" branch="false" />
            <line number="111" hits="0" branch="false" />
            <line number="112" hits="0" branch="false" />
            <line number="113" hits="0" branch="false" />
            <line number="114" hits="0" branch="false" />
            <line number="118" hits="0" branch="false" />
            <line number="119" hits="0" branch="false" />
            <line number="120" hits="0" branch="false" />
            <line number="121" hits="0" branch="false" />
            <line number="122" hits="0" branch="false" />
            <line number="123" hits="0" branch="false" />
            <line number="124" hits="0" branch="false" />
            <line number="125" hits="0" branch="false" />
            <line number="126" hits="0" branch="false" />
            <line number="127" hits="0" branch="false" />
            <line number="128" hits="0" branch="false" />
            <line number="132" hits="0" branch="false" />
            <line number="133" hits="0" branch="false" />
            <line number="134" hits="0" branch="false" />
            <line number="135" hits="0" branch="false" />
            <line number="136" hits="0" branch="false" />
            <line number="137" hits="0" branch="false" />
            <line number="138" hits="0" branch="false" />
            <line number="139" hits="0" branch="false" />
            <line number="140" hits="0" branch="false" />
            <line number="144" hits="0" branch="false" />
            <line number="145" hits="0" branch="false" />
            <line number="146" hits="0" branch="false" />
            <line number="147" hits="0" branch="false" />
            <line number="148" hits="0" branch="false" />
            <line number="149" hits="0" branch="false" />
            <line number="150" hits="0" branch="false" />
            <line number="151" hits="0" branch="false" />
            <line number="152" hits="0" branch="false" />
            <line number="153" hits="0" branch="false" />
            <line number="157" hits="0" branch="false" />
            <line number="158" hits="0" branch="false" />
            <line number="159" hits="0" branch="false" />
            <line number="160" hits="0" branch="false" />
            <line number="161" hits="0" branch="false" />
            <line number="162" hits="0" branch="false" />
            <line number="163" hits="0" branch="false" />
            <line number="164" hits="0" branch="false" />
            <line number="165" hits="0" branch="false" />
            <line number="166" hits="0" branch="false" />
            <line number="167" hits="0" branch="false" />
            <line number="168" hits="0" branch="false" />
            <line number="169" hits="0" branch="false" />
            <line number="170" hits="0" branch="false" />
            <line number="171" hits="0" branch="false" />
            <line number="175" hits="0" branch="false" />
            <line number="176" hits="0" branch="false" />
            <line number="177" hits="0" branch="false" />
            <line number="178" hits="0" branch="false" />
            <line number="179" hits="0" branch="false" />
            <line number="180" hits="0" branch="false" />
            <line number="181" hits="0" branch="false" />
            <line number="182" hits="0" branch="false" />
            <line number="183" hits="0" branch="false" />
            <line number="184" hits="0" branch="false" />
            <line number="188" hits="0" branch="false" />
            <line number="189" hits="0" branch="false" />
            <line number="190" hits="0" branch="false" />
            <line number="191" hits="0" branch="false" />
            <line number="192" hits="0" branch="false" />
            <line number="193" hits="0" branch="false" />
            <line number="194" hits="0" branch="false" />
            <line number="195" hits="0" branch="false" />
            <line number="199" hits="0" branch="false" />
            <line number="200" hits="0" branch="false" />
            <line number="201" hits="0" branch="false" />
            <line number="202" hits="0" branch="false" />
            <line number="203" hits="0" branch="false" />
            <line number="204" hits="0" branch="false" />
            <line number="205" hits="0" branch="false" />
            <line number="206" hits="0" branch="false" />
            <line number="207" hits="0" branch="false" />
            <line number="208" hits="0" branch="false" />
            <line number="209" hits="0" branch="false" />
            <line number="210" hits="0" branch="false" />
            <line number="211" hits="0" branch="false" />
            <line number="212" hits="0" branch="false" />
            <line number="213" hits="0" branch="false" />
            <line number="214" hits="0" branch="false" />
            <line number="215" hits="0" branch="false" />
            <line number="216" hits="0" branch="false" />
            <line number="217" hits="0" branch="false" />
            <line number="221" hits="0" branch="false" />
            <line number="222" hits="0" branch="false" />
            <line number="223" hits="0" branch="false" />
            <line number="224" hits="0" branch="false" />
            <line number="225" hits="0" branch="false" />
            <line number="226" hits="0" branch="false" />
            <line number="227" hits="0" branch="false" />
            <line number="228" hits="0" branch="false" />
            <line number="229" hits="0" branch="false" />
            <line number="230" hits="0" branch="false" />
            <line number="231" hits="0" branch="false" />
            <line number="232" hits="0" branch="false" />
            <line number="233" hits="0" branch="false" />
            <line number="234" hits="0" branch="false" />
            <line number="235" hits="0" branch="false" />
            <line number="236" hits="0" branch="false" />
            <line number="237" hits="0" branch="false" />
            <line number="238" hits="0" branch="false" />
            <line number="239" hits="0" branch="false" />
            <line number="240" hits="0" branch="false" />
            <line number="242" hits="0" branch="false" />
          </lines>
        </class>
        <class name="PopovLaba3.Hasher" filename="C:\Users\Крыса\Documents\VS\PopovLaba3\Hasher.cs" line-rate="0" branch-rate="0" complexity="NaN">
          <methods>
            <method name="Hash" signature="(System.String)" line-rate="0" branch-rate="0" complexity="NaN">
              <lines>
                <line number="13" hits="0" branch="false" />
                <line number="14" hits="0" branch="false" />
                <line number="15" hits="0" branch="false" />
                <line number="16" hits="0" branch="false" />
                <line number="17" hits="0" branch="false" />
                <line number="19" hits="0" branch="false" />
                <line number="20" hits="0" branch="true" condition-coverage="0% (0/2)" />
                <line number="21" hits="0" branch="false" />
                <line number="22" hits="0" branch="false" />
                <line number="23" hits="0" branch="false" />
                <line number="25" hits="0" branch="false" />
                <line number="27" hits="0" branch="false" />
              </lines>
            </method>
          </methods>
          <lines>
            <line number="13" hits="0" branch="false" />
            <line number="14" hits="0" branch="false" />
            <line number="15" hits="0" branch="false" />
            <line number="16" hits="0" branch="false" />
            <line number="17" hits="0" branch="false" />
            <line number="19" hits="0" branch="false" />
            <line number="20" hits="0" branch="true" condition-coverage="0% (0/2)" />
            <line number="21" hits="0" branch="false" />
            <line number="22" hits="0" branch="false" />
            <line number="23" hits="0" branch="false" />
            <line number="25" hits="0" branch="false" />
            <line number="27" hits="0" branch="false" />
          </lines>
        </class>
        <class name="PopovLaba3.Program" filename="C:\Users\Крыса\Documents\VS\PopovLaba3\Program.cs" line-rate="0" branch-rate="1" complexity="1">
          <methods>
            <method name="Main" signature="()" line-rate="0" branch-rate="1" complexity="1">
              <lines>
                <line number="16" hits="0" branch="false" />
                <line number="17" hits="0" branch="false" />
                <line number="18" hits="0" branch="false" />
                <line number="19" hits="0" branch="false" />
                <line number="20" hits="0" branch="false" />
              </lines>
            </method>
          </methods>
          <lines>
            <line number="16" hits="0" branch="false" />
            <line number="17" hits="0" branch="false" />
            <line number="18" hits="0" branch="false" />
            <line number="19" hits="0" branch="false" />
            <line number="20" hits="0" branch="false" />
          </lines>
        </class>
      </classes>
    </package>
    <package name="UnitTestPopovLaba" line-rate="1" branch-rate="1" complexity="6">
      <classes>
        <class name="UnitTestPopovLaba.UnitTest1" filename="C:\Users\Крыса\Documents\VS\PopovLaba3\Tests\UnitTestPopovLaba\ConstHandlerTests.cs" line-rate="1" branch-rate="1" complexity="6">
          <methods>
            <method name="ConstHandler_CheckLoginAndPassword_ValidAll_ReturnsTrue" signature="()" line-rate="1" branch-rate="1" complexity="1">
              <lines>
                <line number="15" hits="1" branch="false" />
                <line number="17" hits="1" branch="false" />
                <line number="18" hits="1" branch="false" />
                <line number="19" hits="1" branch="false" />
                <line number="22" hits="1" branch="false" />
                <line number="25" hits="1" branch="false" />
                <line number="26" hits="1" branch="false" />
                <line number="28" hits="1" branch="false" />
              </lines>
            </method>
            <method name="ConstHandler_CheckLoginAndPassword_ValidLoginShortPassword_ReturnsFalse" signature="()" line-rate="1" branch-rate="1" complexity="1">
              <lines>
                <line number="32" hits="1" branch="false" />
                <line number="34" hits="1" branch="false" />
                <line number="35" hits="1" branch="false" />
                <line number="36" hits="1" branch="false" />
                <line number="39" hits="1" branch="false" />
                <line number="42" hits="1" branch="false" />
                <line number="43" hits="1" branch="false" />
                <line number="45" hits="1" branch="false" />
              </lines>
            </method>
            <method name="ConstHandler_CheckLoginAndPassword_InvalidLoginValidPassword_ReturnsFalse" signature="()" line-rate="1" branch-rate="1" complexity="1">
              <lines>
                <line number="49" hits="1" branch="false" />
                <line number="51" hits="1" branch="false" />
                <line number="52" hits="1" branch="false" />
                <line number="53" hits="1" branch="false" />
                <line number="56" hits="1" branch="false" />
                <line number="59" hits="1" branch="false" />
                <line number="60" hits="1" branch="false" />
                <line number="62" hits="1" branch="false" />
              </lines>
            </method>
            <method name="ConstHandler_CheckLoginAndPassword_ValidLoginInvalidPassword_ReturnsFalse" signature="()" line-rate="1" branch-rate="1" complexity="1">
              <lines>
                <line number="66" hits="1" branch="false" />
                <line number="68" hits="1" branch="false" />
                <line number="69" hits="1" branch="false" />
                <line number="70" hits="1" branch="false" />
                <line number="73" hits="1" branch="false" />
                <line number="76" hits="1" branch="false" />
                <line number="77" hits="1" branch="false" />
                <line number="79" hits="1" branch="false" />
              </lines>
            </method>
            <method name="CheckLength_TextboxLengthReachesTargetQuantity_ReturnsTrue" signature="()" line-rate="1" branch-rate="1" complexity="1">
              <lines>
                <line number="83" hits="1" branch="false" />
                <line number="85" hits="1" branch="false" />
                <line number="86" hits="1" branch="false" />
                <line number="87" hits="1" branch="false" />
                <line number="88" hits="1" branch="false" />
                <line number="91" hits="1" branch="false" />
                <line number="94" hits="1" branch="false" />
                <line number="95" hits="1" branch="false" />
              </lines>
            </method>
            <method name="CheckLength_TextboxLengthLessThanTargetQuantity_ReturnsFalse" signature="()" line-rate="1" branch-rate="1" complexity="1">
              <lines>
                <line number="99" hits="1" branch="false" />
                <line number="101" hits="1" branch="false" />
                <line number="102" hits="1" branch="false" />
                <line number="103" hits="1" branch="false" />
                <line number="104" hits="1" branch="false" />
                <line number="107" hits="1" branch="false" />
                <line number="110" hits="1" branch="false" />
                <line number="111" hits="1" branch="false" />
              </lines>
            </method>
          </methods>
          <lines>
            <line number="15" hits="1" branch="false" />
            <line number="17" hits="1" branch="false" />
            <line number="18" hits="1" branch="false" />
            <line number="19" hits="1" branch="false" />
            <line number="22" hits="1" branch="false" />
            <line number="25" hits="1" branch="false" />
            <line number="26" hits="1" branch="false" />
            <line number="28" hits="1" branch="false" />
            <line number="32" hits="1" branch="false" />
            <line number="34" hits="1" branch="false" />
            <line number="35" hits="1" branch="false" />
            <line number="36" hits="1" branch="false" />
            <line number="39" hits="1" branch="false" />
            <line number="42" hits="1" branch="false" />
            <line number="43" hits="1" branch="false" />
            <line number="45" hits="1" branch="false" />
            <line number="49" hits="1" branch="false" />
            <line number="51" hits="1" branch="false" />
            <line number="52" hits="1" branch="false" />
            <line number="53" hits="1" branch="false" />
            <line number="56" hits="1" branch="false" />
            <line number="59" hits="1" branch="false" />
            <line number="60" hits="1" branch="false" />
            <line number="62" hits="1" branch="false" />
            <line number="66" hits="1" branch="false" />
            <line number="68" hits="1" branch="false" />
            <line number="69" hits="1" branch="false" />
            <line number="70" hits="1" branch="false" />
            <line number="73" hits="1" branch="false" />
            <line number="76" hits="1" branch="false" />
            <line number="77" hits="1" branch="false" />
            <line number="79" hits="1" branch="false" />
            <line number="83" hits="1" branch="false" />
            <line number="85" hits="1" branch="false" />
            <line number="86" hits="1" branch="false" />
            <line number="87" hits="1" branch="false" />
            <line number="88" hits="1" branch="false" />
            <line number="91" hits="1" branch="false" />
            <line number="94" hits="1" branch="false" />
            <line number="95" hits="1" branch="false" />
            <line number="99" hits="1" branch="false" />
            <line number="101" hits="1" branch="false" />
            <line number="102" hits="1" branch="false" />
            <line number="103" hits="1" branch="false" />
            <line number="104" hits="1" branch="false" />
            <line number="107" hits="1" branch="false" />
            <line number="110" hits="1" branch="false" />
            <line number="111" hits="1" branch="false" />
          </lines>
        </class>
      </classes>
    </package>
  </packages>
</coverage>